<?xml version="1.0" encoding="UTF-8"?>
<testsuites name="jest tests" tests="40" failures="40" errors="0" time="0.684">
  <testsuite name="Admin routes" errors="0" failures="40" skipped="0" timestamp="2025-08-18T09:01:37" time="0.645" tests="40">
    <testcase classname="Admin routes Authentication and Authorization should allow access with correct role" name="Admin routes Authentication and Authorization should allow access with correct role" time="0.031">
      <failure>Error: expect(received).toBe(expected) // Object.is equality

Expected: 200
Received: 401
    at Object.toBe (/Users/farid/Desktop/Projects/Team/YabaIT/KizunaTravelOS/apps/erp-api/src/routes/__test__/admin.route.test.js:103:26)
    at processTicksAndRejections (node:internal/process/task_queues:95:5)</failure>
    </testcase>
    <testcase classname="Admin routes User management routes should handle GET /users" name="Admin routes User management routes should handle GET /users" time="0.007">
      <failure>Error: expect(received).toBe(expected) // Object.is equality

Expected: 200
Received: 401
    at Object.toBe (/Users/farid/Desktop/Projects/Team/YabaIT/KizunaTravelOS/apps/erp-api/src/routes/__test__/admin.route.test.js:118:26)
    at processTicksAndRejections (node:internal/process/task_queues:95:5)</failure>
    </testcase>
    <testcase classname="Admin routes User management routes should handle GET /users/:id" name="Admin routes User management routes should handle GET /users/:id" time="0.006">
      <failure>Error: expect(received).toBe(expected) // Object.is equality

Expected: 200
Received: 401
    at Object.toBe (/Users/farid/Desktop/Projects/Team/YabaIT/KizunaTravelOS/apps/erp-api/src/routes/__test__/admin.route.test.js:124:26)
    at processTicksAndRejections (node:internal/process/task_queues:95:5)</failure>
    </testcase>
    <testcase classname="Admin routes User management routes should handle POST /users" name="Admin routes User management routes should handle POST /users" time="0.011">
      <failure>Error: expect(received).toBe(expected) // Object.is equality

Expected: 200
Received: 401
    at Object.toBe (/Users/farid/Desktop/Projects/Team/YabaIT/KizunaTravelOS/apps/erp-api/src/routes/__test__/admin.route.test.js:131:26)
    at processTicksAndRejections (node:internal/process/task_queues:95:5)</failure>
    </testcase>
    <testcase classname="Admin routes User management routes should handle PUT /users/:id" name="Admin routes User management routes should handle PUT /users/:id" time="0.005">
      <failure>Error: expect(received).toBe(expected) // Object.is equality

Expected: 200
Received: 401
    at Object.toBe (/Users/farid/Desktop/Projects/Team/YabaIT/KizunaTravelOS/apps/erp-api/src/routes/__test__/admin.route.test.js:137:26)
    at processTicksAndRejections (node:internal/process/task_queues:95:5)</failure>
    </testcase>
    <testcase classname="Admin routes User management routes should handle DELETE /users/:id" name="Admin routes User management routes should handle DELETE /users/:id" time="0.005">
      <failure>Error: expect(received).toBe(expected) // Object.is equality

Expected: 200
Received: 401
    at Object.toBe (/Users/farid/Desktop/Projects/Team/YabaIT/KizunaTravelOS/apps/erp-api/src/routes/__test__/admin.route.test.js:143:26)
    at processTicksAndRejections (node:internal/process/task_queues:95:5)</failure>
    </testcase>
    <testcase classname="Admin routes User management routes should handle POST /users/:id/status" name="Admin routes User management routes should handle POST /users/:id/status" time="0.005">
      <failure>Error: expect(received).toBe(expected) // Object.is equality

Expected: 200
Received: 401
    at Object.toBe (/Users/farid/Desktop/Projects/Team/YabaIT/KizunaTravelOS/apps/erp-api/src/routes/__test__/admin.route.test.js:149:26)
    at processTicksAndRejections (node:internal/process/task_queues:95:5)</failure>
    </testcase>
    <testcase classname="Admin routes User management routes should handle POST /users/:id/role" name="Admin routes User management routes should handle POST /users/:id/role" time="0.007">
      <failure>Error: expect(received).toBe(expected) // Object.is equality

Expected: 200
Received: 401
    at Object.toBe (/Users/farid/Desktop/Projects/Team/YabaIT/KizunaTravelOS/apps/erp-api/src/routes/__test__/admin.route.test.js:155:26)
    at processTicksAndRejections (node:internal/process/task_queues:95:5)</failure>
    </testcase>
    <testcase classname="Admin routes Profile management routes should handle GET /profiles" name="Admin routes Profile management routes should handle GET /profiles" time="0.005">
      <failure>Error: expect(received).toBe(expected) // Object.is equality

Expected: 200
Received: 401
    at Object.toBe (/Users/farid/Desktop/Projects/Team/YabaIT/KizunaTravelOS/apps/erp-api/src/routes/__test__/admin.route.test.js:171:26)
    at processTicksAndRejections (node:internal/process/task_queues:95:5)</failure>
    </testcase>
    <testcase classname="Admin routes Profile management routes should handle GET /profiles/:id" name="Admin routes Profile management routes should handle GET /profiles/:id" time="0.005">
      <failure>Error: expect(received).toBe(expected) // Object.is equality

Expected: 200
Received: 401
    at Object.toBe (/Users/farid/Desktop/Projects/Team/YabaIT/KizunaTravelOS/apps/erp-api/src/routes/__test__/admin.route.test.js:177:26)
    at processTicksAndRejections (node:internal/process/task_queues:95:5)</failure>
    </testcase>
    <testcase classname="Admin routes Profile management routes should handle PUT /profiles/:id" name="Admin routes Profile management routes should handle PUT /profiles/:id" time="0.004">
      <failure>Error: expect(received).toBe(expected) // Object.is equality

Expected: 200
Received: 401
    at Object.toBe (/Users/farid/Desktop/Projects/Team/YabaIT/KizunaTravelOS/apps/erp-api/src/routes/__test__/admin.route.test.js:183:26)
    at processTicksAndRejections (node:internal/process/task_queues:95:5)</failure>
    </testcase>
    <testcase classname="Admin routes Profile management routes should handle DELETE /profiles/:id" name="Admin routes Profile management routes should handle DELETE /profiles/:id" time="0.006">
      <failure>Error: expect(received).toBe(expected) // Object.is equality

Expected: 200
Received: 401
    at Object.toBe (/Users/farid/Desktop/Projects/Team/YabaIT/KizunaTravelOS/apps/erp-api/src/routes/__test__/admin.route.test.js:189:26)
    at processTicksAndRejections (node:internal/process/task_queues:95:5)</failure>
    </testcase>
    <testcase classname="Admin routes Profile management routes should handle POST /profiles/:id/restore" name="Admin routes Profile management routes should handle POST /profiles/:id/restore" time="0.004">
      <failure>Error: expect(received).toBe(expected) // Object.is equality

Expected: 200
Received: 401
    at Object.toBe (/Users/farid/Desktop/Projects/Team/YabaIT/KizunaTravelOS/apps/erp-api/src/routes/__test__/admin.route.test.js:195:26)
    at processTicksAndRejections (node:internal/process/task_queues:95:5)</failure>
    </testcase>
    <testcase classname="Admin routes Profile management routes should handle GET /profiles/stats" name="Admin routes Profile management routes should handle GET /profiles/stats" time="0.004">
      <failure>Error: expect(received).toBe(expected) // Object.is equality

Expected: 200
Received: 401
    at Object.toBe (/Users/farid/Desktop/Projects/Team/YabaIT/KizunaTravelOS/apps/erp-api/src/routes/__test__/admin.route.test.js:201:26)
    at processTicksAndRejections (node:internal/process/task_queues:95:5)</failure>
    </testcase>
    <testcase classname="Admin routes Booking management routes should handle GET /bookings" name="Admin routes Booking management routes should handle GET /bookings" time="0.004">
      <failure>Error: expect(received).toBe(expected) // Object.is equality

Expected: 200
Received: 401
    at Object.toBe (/Users/farid/Desktop/Projects/Team/YabaIT/KizunaTravelOS/apps/erp-api/src/routes/__test__/admin.route.test.js:217:26)
    at processTicksAndRejections (node:internal/process/task_queues:95:5)</failure>
    </testcase>
    <testcase classname="Admin routes Booking management routes should handle GET /bookings/:id" name="Admin routes Booking management routes should handle GET /bookings/:id" time="0.004">
      <failure>Error: expect(received).toBe(expected) // Object.is equality

Expected: 200
Received: 401
    at Object.toBe (/Users/farid/Desktop/Projects/Team/YabaIT/KizunaTravelOS/apps/erp-api/src/routes/__test__/admin.route.test.js:223:26)
    at processTicksAndRejections (node:internal/process/task_queues:95:5)</failure>
    </testcase>
    <testcase classname="Admin routes Booking management routes should handle POST /bookings" name="Admin routes Booking management routes should handle POST /bookings" time="0.005">
      <failure>Error: expect(received).toBe(expected) // Object.is equality

Expected: 200
Received: 401
    at Object.toBe (/Users/farid/Desktop/Projects/Team/YabaIT/KizunaTravelOS/apps/erp-api/src/routes/__test__/admin.route.test.js:230:26)
    at processTicksAndRejections (node:internal/process/task_queues:95:5)</failure>
    </testcase>
    <testcase classname="Admin routes Booking management routes should handle PUT /bookings/:id" name="Admin routes Booking management routes should handle PUT /bookings/:id" time="0.004">
      <failure>Error: expect(received).toBe(expected) // Object.is equality

Expected: 200
Received: 401
    at Object.toBe (/Users/farid/Desktop/Projects/Team/YabaIT/KizunaTravelOS/apps/erp-api/src/routes/__test__/admin.route.test.js:236:26)
    at processTicksAndRejections (node:internal/process/task_queues:95:5)</failure>
    </testcase>
    <testcase classname="Admin routes Booking management routes should handle DELETE /bookings/:id" name="Admin routes Booking management routes should handle DELETE /bookings/:id" time="0.004">
      <failure>Error: expect(received).toBe(expected) // Object.is equality

Expected: 200
Received: 401
    at Object.toBe (/Users/farid/Desktop/Projects/Team/YabaIT/KizunaTravelOS/apps/erp-api/src/routes/__test__/admin.route.test.js:242:26)
    at processTicksAndRejections (node:internal/process/task_queues:95:5)</failure>
    </testcase>
    <testcase classname="Admin routes Booking management routes should handle GET /bookings/stats" name="Admin routes Booking management routes should handle GET /bookings/stats" time="0.004">
      <failure>Error: expect(received).toBe(expected) // Object.is equality

Expected: 200
Received: 401
    at Object.toBe (/Users/farid/Desktop/Projects/Team/YabaIT/KizunaTravelOS/apps/erp-api/src/routes/__test__/admin.route.test.js:248:26)
    at processTicksAndRejections (node:internal/process/task_queues:95:5)</failure>
    </testcase>
    <testcase classname="Admin routes Journey management routes should handle GET /journeys" name="Admin routes Journey management routes should handle GET /journeys" time="0.004">
      <failure>Error: expect(received).toBe(expected) // Object.is equality

Expected: 200
Received: 401
    at Object.toBe (/Users/farid/Desktop/Projects/Team/YabaIT/KizunaTravelOS/apps/erp-api/src/routes/__test__/admin.route.test.js:264:26)
    at processTicksAndRejections (node:internal/process/task_queues:95:5)</failure>
    </testcase>
    <testcase classname="Admin routes Journey management routes should handle GET /journeys/:id" name="Admin routes Journey management routes should handle GET /journeys/:id" time="0.004">
      <failure>Error: expect(received).toBe(expected) // Object.is equality

Expected: 200
Received: 401
    at Object.toBe (/Users/farid/Desktop/Projects/Team/YabaIT/KizunaTravelOS/apps/erp-api/src/routes/__test__/admin.route.test.js:270:26)
    at processTicksAndRejections (node:internal/process/task_queues:95:5)</failure>
    </testcase>
    <testcase classname="Admin routes Journey management routes should handle POST /journeys" name="Admin routes Journey management routes should handle POST /journeys" time="0.005">
      <failure>Error: expect(received).toBe(expected) // Object.is equality

Expected: 200
Received: 401
    at Object.toBe (/Users/farid/Desktop/Projects/Team/YabaIT/KizunaTravelOS/apps/erp-api/src/routes/__test__/admin.route.test.js:277:26)
    at processTicksAndRejections (node:internal/process/task_queues:95:5)</failure>
    </testcase>
    <testcase classname="Admin routes Journey management routes should handle PUT /journeys/:id" name="Admin routes Journey management routes should handle PUT /journeys/:id" time="0.004">
      <failure>Error: expect(received).toBe(expected) // Object.is equality

Expected: 200
Received: 401
    at Object.toBe (/Users/farid/Desktop/Projects/Team/YabaIT/KizunaTravelOS/apps/erp-api/src/routes/__test__/admin.route.test.js:283:26)
    at processTicksAndRejections (node:internal/process/task_queues:95:5)</failure>
    </testcase>
    <testcase classname="Admin routes Journey management routes should handle DELETE /journeys/:id" name="Admin routes Journey management routes should handle DELETE /journeys/:id" time="0.004">
      <failure>Error: expect(received).toBe(expected) // Object.is equality

Expected: 200
Received: 401
    at Object.toBe (/Users/farid/Desktop/Projects/Team/YabaIT/KizunaTravelOS/apps/erp-api/src/routes/__test__/admin.route.test.js:289:26)
    at processTicksAndRejections (node:internal/process/task_queues:95:5)</failure>
    </testcase>
    <testcase classname="Admin routes Journey management routes should handle POST /journeys/:id/assign-guide" name="Admin routes Journey management routes should handle POST /journeys/:id/assign-guide" time="0.004">
      <failure>Error: expect(received).toBe(expected) // Object.is equality

Expected: 200
Received: 401
    at Object.toBe (/Users/farid/Desktop/Projects/Team/YabaIT/KizunaTravelOS/apps/erp-api/src/routes/__test__/admin.route.test.js:295:26)
    at processTicksAndRejections (node:internal/process/task_queues:95:5)</failure>
    </testcase>
    <testcase classname="Admin routes Journey management routes should handle GET /journeys/stats" name="Admin routes Journey management routes should handle GET /journeys/stats" time="0.004">
      <failure>Error: expect(received).toBe(expected) // Object.is equality

Expected: 200
Received: 401
    at Object.toBe (/Users/farid/Desktop/Projects/Team/YabaIT/KizunaTravelOS/apps/erp-api/src/routes/__test__/admin.route.test.js:301:26)
    at processTicksAndRejections (node:internal/process/task_queues:95:5)</failure>
    </testcase>
    <testcase classname="Admin routes Provider management routes should handle GET /providers" name="Admin routes Provider management routes should handle GET /providers" time="0.006">
      <failure>Error: expect(received).toBe(expected) // Object.is equality

Expected: 200
Received: 401
    at Object.toBe (/Users/farid/Desktop/Projects/Team/YabaIT/KizunaTravelOS/apps/erp-api/src/routes/__test__/admin.route.test.js:317:26)
    at processTicksAndRejections (node:internal/process/task_queues:95:5)</failure>
    </testcase>
    <testcase classname="Admin routes Provider management routes should handle GET /providers/:id" name="Admin routes Provider management routes should handle GET /providers/:id" time="0.004">
      <failure>Error: expect(received).toBe(expected) // Object.is equality

Expected: 200
Received: 401
    at Object.toBe (/Users/farid/Desktop/Projects/Team/YabaIT/KizunaTravelOS/apps/erp-api/src/routes/__test__/admin.route.test.js:323:26)
    at processTicksAndRejections (node:internal/process/task_queues:95:5)</failure>
    </testcase>
    <testcase classname="Admin routes Provider management routes should handle POST /providers" name="Admin routes Provider management routes should handle POST /providers" time="0.004">
      <failure>Error: expect(received).toBe(expected) // Object.is equality

Expected: 200
Received: 401
    at Object.toBe (/Users/farid/Desktop/Projects/Team/YabaIT/KizunaTravelOS/apps/erp-api/src/routes/__test__/admin.route.test.js:330:26)
    at processTicksAndRejections (node:internal/process/task_queues:95:5)</failure>
    </testcase>
    <testcase classname="Admin routes Provider management routes should handle PUT /providers/:id" name="Admin routes Provider management routes should handle PUT /providers/:id" time="0.003">
      <failure>Error: expect(received).toBe(expected) // Object.is equality

Expected: 200
Received: 401
    at Object.toBe (/Users/farid/Desktop/Projects/Team/YabaIT/KizunaTravelOS/apps/erp-api/src/routes/__test__/admin.route.test.js:336:26)
    at processTicksAndRejections (node:internal/process/task_queues:95:5)</failure>
    </testcase>
    <testcase classname="Admin routes Provider management routes should handle DELETE /providers/:id" name="Admin routes Provider management routes should handle DELETE /providers/:id" time="0.004">
      <failure>Error: expect(received).toBe(expected) // Object.is equality

Expected: 200
Received: 401
    at Object.toBe (/Users/farid/Desktop/Projects/Team/YabaIT/KizunaTravelOS/apps/erp-api/src/routes/__test__/admin.route.test.js:342:26)
    at processTicksAndRejections (node:internal/process/task_queues:95:5)</failure>
    </testcase>
    <testcase classname="Admin routes Provider management routes should handle POST /providers/:id/restore" name="Admin routes Provider management routes should handle POST /providers/:id/restore" time="0.004">
      <failure>Error: expect(received).toBe(expected) // Object.is equality

Expected: 200
Received: 401
    at Object.toBe (/Users/farid/Desktop/Projects/Team/YabaIT/KizunaTravelOS/apps/erp-api/src/routes/__test__/admin.route.test.js:348:26)
    at processTicksAndRejections (node:internal/process/task_queues:95:5)</failure>
    </testcase>
    <testcase classname="Admin routes Provider management routes should handle GET /providers/stats" name="Admin routes Provider management routes should handle GET /providers/stats" time="0.005">
      <failure>Error: expect(received).toBe(expected) // Object.is equality

Expected: 200
Received: 401
    at Object.toBe (/Users/farid/Desktop/Projects/Team/YabaIT/KizunaTravelOS/apps/erp-api/src/routes/__test__/admin.route.test.js:354:26)
    at processTicksAndRejections (node:internal/process/task_queues:95:5)</failure>
    </testcase>
    <testcase classname="Admin routes Provider management routes should handle GET /providers/search" name="Admin routes Provider management routes should handle GET /providers/search" time="0.003">
      <failure>Error: expect(received).toBe(expected) // Object.is equality

Expected: 200
Received: 401
    at Object.toBe (/Users/farid/Desktop/Projects/Team/YabaIT/KizunaTravelOS/apps/erp-api/src/routes/__test__/admin.route.test.js:360:26)
    at processTicksAndRejections (node:internal/process/task_queues:95:5)</failure>
    </testcase>
    <testcase classname="Admin routes System management routes should handle GET /system/stats" name="Admin routes System management routes should handle GET /system/stats" time="0.003">
      <failure>Error: expect(received).toBe(expected) // Object.is equality

Expected: 200
Received: 401
    at Object.toBe (/Users/farid/Desktop/Projects/Team/YabaIT/KizunaTravelOS/apps/erp-api/src/routes/__test__/admin.route.test.js:376:26)
    at processTicksAndRejections (node:internal/process/task_queues:95:5)</failure>
    </testcase>
    <testcase classname="Admin routes System management routes should handle GET /system/health" name="Admin routes System management routes should handle GET /system/health" time="0.004">
      <failure>Error: expect(received).toBe(expected) // Object.is equality

Expected: 200
Received: 401
    at Object.toBe (/Users/farid/Desktop/Projects/Team/YabaIT/KizunaTravelOS/apps/erp-api/src/routes/__test__/admin.route.test.js:382:26)
    at processTicksAndRejections (node:internal/process/task_queues:95:5)</failure>
    </testcase>
    <testcase classname="Admin routes System management routes should handle GET /system/logs" name="Admin routes System management routes should handle GET /system/logs" time="0.004">
      <failure>Error: expect(received).toBe(expected) // Object.is equality

Expected: 200
Received: 401
    at Object.toBe (/Users/farid/Desktop/Projects/Team/YabaIT/KizunaTravelOS/apps/erp-api/src/routes/__test__/admin.route.test.js:388:26)
    at processTicksAndRejections (node:internal/process/task_queues:95:5)</failure>
    </testcase>
    <testcase classname="Admin routes System management routes should handle POST /system/backup" name="Admin routes System management routes should handle POST /system/backup" time="0.004">
      <failure>Error: expect(received).toBe(expected) // Object.is equality

Expected: 200
Received: 401
    at Object.toBe (/Users/farid/Desktop/Projects/Team/YabaIT/KizunaTravelOS/apps/erp-api/src/routes/__test__/admin.route.test.js:394:26)
    at processTicksAndRejections (node:internal/process/task_queues:95:5)</failure>
    </testcase>
    <testcase classname="Admin routes System management routes should handle POST /system/restore" name="Admin routes System management routes should handle POST /system/restore" time="0.005">
      <failure>Error: expect(received).toBe(expected) // Object.is equality

Expected: 200
Received: 401
    at Object.toBe (/Users/farid/Desktop/Projects/Team/YabaIT/KizunaTravelOS/apps/erp-api/src/routes/__test__/admin.route.test.js:400:26)
    at processTicksAndRejections (node:internal/process/task_queues:95:5)</failure>
    </testcase>
  </testsuite>
</testsuites>